# JRE version: Java(TM) SE Runtime Environment (8.0_181-b13) (build 1.8.0_181-b13)
# Java VM: Java HotSpot(TM) 64-Bit Server VM (25.181-b13 mixed mode windows-amd64 compressed oops)
Heap:
 PSYoungGen      total 1717248K, used 1594368K [0x0000000740900000, 0x00000007bea00000, 0x00000007c0000000)
  eden space 1594368K, 100% used [0x0000000740900000,0x00000007a1e00000,0x00000007a1e00000)
  from space 122880K, 0% used [0x00000007a1e00000,0x00000007a1e00000,0x00000007a9600000)
  to   space 235520K, 0% used [0x00000007b0400000,0x00000007b0400000,0x00000007bea00000)
 ParOldGen       total 4176896K, used 4176792K [0x0000000641a00000, 0x0000000740900000, 0x0000000740900000)
  object space 4176896K, 99% used [0x0000000641a00000,0x00000007408e61d0,0x0000000740900000)
 Metaspace       used 11003K, capacity 11376K, committed 11648K, reserved 1058816K
  class space    used 1208K, capacity 1314K, committed 1408K, reserved 1048576K
GC Heap History (10 events):
Event: 952.690 GC heap after
Heap after GC invocations=304 (full 153):
 PSYoungGen      total 1717248K, used 1160540K [0x0000000740900000, 0x00000007bea00000, 0x00000007c0000000)
  eden space 1594368K, 72% used [0x0000000740900000,0x0000000787657370,0x00000007a1e00000)
  from space 122880K, 0% used [0x00000007a1e00000,0x00000007a1e00000,0x00000007a9600000)
  to   space 235520K, 0% used [0x00000007b0400000,0x00000007b0400000,0x00000007bea00000)
 ParOldGen       total 4176896K, used 4176793K [0x0000000641a00000, 0x0000000740900000, 0x0000000740900000)
  object space 4176896K, 99% used [0x0000000641a00000,0x00000007408e6490,0x0000000740900000)
 Metaspace       used 11040K, capacity 11436K, committed 11648K, reserved 1058816K
  class space    used 1214K, capacity 1324K, committed 1408K, reserved 1048576K
}
Event: 952.770 GC heap before
{Heap before GC invocations=305 (full 154):
 PSYoungGen      total 1717248K, used 1594368K [0x0000000740900000, 0x00000007bea00000, 0x00000007c0000000)
  eden space 1594368K, 100% used [0x0000000740900000,0x00000007a1e00000,0x00000007a1e00000)
  from space 122880K, 0% used [0x00000007a1e00000,0x00000007a1e00000,0x00000007a9600000)
  to   space 235520K, 0% used [0x00000007b0400000,0x00000007b0400000,0x00000007bea00000)
 ParOldGen       total 4176896K, used 4176793K [0x0000000641a00000, 0x0000000740900000, 0x0000000740900000)
  object space 4176896K, 99% used [0x0000000641a00000,0x00000007408e6490,0x0000000740900000)
 Metaspace       used 11040K, capacity 11436K, committed 11648K, reserved 1058816K
  class space    used 1214K, capacity 1324K, committed 1408K, reserved 1048576K
Event: 959.612 GC heap after
Heap after GC invocations=305 (full 154):
 PSYoungGen      total 1717248K, used 1163793K [0x0000000740900000, 0x00000007bea00000, 0x00000007c0000000)
  eden space 1594368K, 72% used [0x0000000740900000,0x00000007879844e0,0x00000007a1e00000)
  from space 122880K, 0% used [0x00000007a1e00000,0x00000007a1e00000,0x00000007a9600000)
  to   space 235520K, 0% used [0x00000007b0400000,0x00000007b0400000,0x00000007bea00000)
 ParOldGen       total 4176896K, used 4176642K [0x0000000641a00000, 0x0000000740900000, 0x0000000740900000)
  object space 4176896K, 99% used [0x0000000641a00000,0x00000007408c0bc8,0x0000000740900000)
 Metaspace       used 11003K, capacity 11376K, committed 11648K, reserved 1058816K
  class space    used 1208K, capacity 1314K, committed 1408K, reserved 1048576K
}
Event: 959.690 GC heap before
{Heap before GC invocations=306 (full 155):
 PSYoungGen      total 1717248K, used 1594368K [0x0000000740900000, 0x00000007bea00000, 0x00000007c0000000)
  eden space 1594368K, 100% used [0x0000000740900000,0x00000007a1e00000,0x00000007a1e00000)
  from space 122880K, 0% used [0x00000007a1e00000,0x00000007a1e00000,0x00000007a9600000)
  to   space 235520K, 0% used [0x00000007b0400000,0x00000007b0400000,0x00000007bea00000)
 ParOldGen       total 4176896K, used 4176642K [0x0000000641a00000, 0x0000000740900000, 0x0000000740900000)
  object space 4176896K, 99% used [0x0000000641a00000,0x00000007408c0bc8,0x0000000740900000)
 Metaspace       used 11003K, capacity 11376K, committed 11648K, reserved 1058816K
  class space    used 1208K, capacity 1314K, committed 1408K, reserved 1048576K
Event: 966.365 GC heap after
Heap after GC invocations=306 (full 155):
 PSYoungGen      total 1717248K, used 1167385K [0x0000000740900000, 0x00000007bea00000, 0x00000007c0000000)
  eden space 1594368K, 73% used [0x0000000740900000,0x0000000787d06470,0x00000007a1e00000)
  from space 122880K, 0% used [0x00000007a1e00000,0x00000007a1e00000,0x00000007a9600000)
  to   space 235520K, 0% used [0x00000007b0400000,0x00000007b0400000,0x00000007bea00000)
 ParOldGen       total 4176896K, used 4176689K [0x0000000641a00000, 0x0000000740900000, 0x0000000740900000)
  object space 4176896K, 99% used [0x0000000641a00000,0x00000007408cc690,0x0000000740900000)
 Metaspace       used 11003K, capacity 11376K, committed 11648K, reserved 1058816K
  class space    used 1208K, capacity 1314K, committed 1408K, reserved 1048576K
}
Event: 966.446 GC heap before
{Heap before GC invocations=307 (full 156):
 PSYoungGen      total 1717248K, used 1594368K [0x0000000740900000, 0x00000007bea00000, 0x00000007c0000000)
  eden space 1594368K, 100% used [0x0000000740900000,0x00000007a1e00000,0x00000007a1e00000)
  from space 122880K, 0% used [0x00000007a1e00000,0x00000007a1e00000,0x00000007a9600000)
  to   space 235520K, 0% used [0x00000007b0400000,0x00000007b0400000,0x00000007bea00000)
 ParOldGen       total 4176896K, used 4176689K [0x0000000641a00000, 0x0000000740900000, 0x0000000740900000)
  object space 4176896K, 99% used [0x0000000641a00000,0x00000007408cc690,0x0000000740900000)
 Metaspace       used 11003K, capacity 11376K, committed 11648K, reserved 1058816K
  class space    used 1208K, capacity 1314K, committed 1408K, reserved 1048576K
Event: 973.254 GC heap after
Heap after GC invocations=307 (full 156):
 PSYoungGen      total 1717248K, used 1171895K [0x0000000740900000, 0x00000007bea00000, 0x00000007c0000000)
  eden space 1594368K, 73% used [0x0000000740900000,0x000000078816de88,0x00000007a1e00000)
  from space 122880K, 0% used [0x00000007a1e00000,0x00000007a1e00000,0x00000007a9600000)
  to   space 235520K, 0% used [0x00000007b0400000,0x00000007b0400000,0x00000007bea00000)
 ParOldGen       total 4176896K, used 4176730K [0x0000000641a00000, 0x0000000740900000, 0x0000000740900000)
  object space 4176896K, 99% used [0x0000000641a00000,0x00000007408d6b40,0x0000000740900000)
 Metaspace       used 11003K, capacity 11376K, committed 11648K, reserved 1058816K
  class space    used 1208K, capacity 1314K, committed 1408K, reserved 1048576K
}
Event: 973.335 GC heap before
{Heap before GC invocations=308 (full 157):
 PSYoungGen      total 1717248K, used 1594368K [0x0000000740900000, 0x00000007bea00000, 0x00000007c0000000)
  eden space 1594368K, 100% used [0x0000000740900000,0x00000007a1e00000,0x00000007a1e00000)
  from space 122880K, 0% used [0x00000007a1e00000,0x00000007a1e00000,0x00000007a9600000)
  to   space 235520K, 0% used [0x00000007b0400000,0x00000007b0400000,0x00000007bea00000)
 ParOldGen       total 4176896K, used 4176730K [0x0000000641a00000, 0x0000000740900000, 0x0000000740900000)
  object space 4176896K, 99% used [0x0000000641a00000,0x00000007408d6b40,0x0000000740900000)
 Metaspace       used 11003K, capacity 11376K, committed 11648K, reserved 1058816K
  class space    used 1208K, capacity 1314K, committed 1408K, reserved 1048576K
Event: 979.737 GC heap after
Heap after GC invocations=308 (full 157):
 PSYoungGen      total 1717248K, used 1175627K [0x0000000740900000, 0x00000007bea00000, 0x00000007c0000000)
  eden space 1594368K, 73% used [0x0000000740900000,0x0000000788512ee8,0x00000007a1e00000)
  from space 122880K, 0% used [0x00000007a1e00000,0x00000007a1e00000,0x00000007a9600000)
  to   space 235520K, 0% used [0x00000007b0400000,0x00000007b0400000,0x00000007bea00000)
 ParOldGen       total 4176896K, used 4176792K [0x0000000641a00000, 0x0000000740900000, 0x0000000740900000)
  object space 4176896K, 99% used [0x0000000641a00000,0x00000007408e61d0,0x0000000740900000)
 Metaspace       used 11003K, capacity 11376K, committed 11648K, reserved 1058816K
  class space    used 1208K, capacity 1314K, committed 1408K, reserved 1048576K
}
Event: 979.843 GC heap before
{Heap before GC invocations=309 (full 158):
 PSYoungGen      total 1717248K, used 1594368K [0x0000000740900000, 0x00000007bea00000, 0x00000007c0000000)
  eden space 1594368K, 100% used [0x0000000740900000,0x00000007a1e00000,0x00000007a1e00000)
  from space 122880K, 0% used [0x00000007a1e00000,0x00000007a1e00000,0x00000007a9600000)
  to   space 235520K, 0% used [0x00000007b0400000,0x00000007b0400000,0x00000007bea00000)
 ParOldGen       total 4176896K, used 4176792K [0x0000000641a00000, 0x0000000740900000, 0x0000000740900000)
  object space 4176896K, 99% used [0x0000000641a00000,0x00000007408e61d0,0x0000000740900000)
 Metaspace       used 11003K, capacity 11376K, committed 11648K, reserved 1058816K
  class space    used 1208K, capacity 1314K, committed 1408K, reserved 1048576K

